Jun 02, 2025 8:47:40 AM com.zipCoder.FakeMinecraftServer packetLog
INFO: nextState: 1
Jun 02, 2025 8:48:08 AM com.zipCoder.FakeMinecraftServer packetLog
INFO: nextState: 2
Jun 02, 2025 8:48:15 AM com.zipCoder.FakeMinecraftServer packetLog
INFO: nextState: 1
Jun 02, 2025 9:14:09 AM com.zipCoder.FakeMinecraftServer packetLog
INFO: packetLength: 16
Jun 02, 2025 9:14:10 AM com.zipCoder.FakeMinecraftServer packetLog
INFO: packetId: 0
Jun 02, 2025 9:14:10 AM com.zipCoder.FakeMinecraftServer packetLog
INFO: nextState: 2
Jun 02, 2025 9:14:10 AM com.zipCoder.FakeMinecraftServer respondLoginDisconnect
SEVERE: Error responding with disconnectAn established connection was aborted by the software in your host machine
Jun 02, 2025 9:14:10 AM com.zipCoder.FakeMinecraftServer runServer
SEVERE: Error responding to login requestAn established connection was aborted by the software in your host machine
Jun 02, 2025 9:14:20 AM com.zipCoder.FakeMinecraftServer runServer
SEVERE: Error handling packet25565
java.io.EOFException
	at java.base/java.io.DataInputStream.readByte(DataInputStream.java:273)
	at com.zipCoder.PacketUtils.readVarInt(PacketUtils.java:20)
	at com.zipCoder.FakeMinecraftServer.runServer(FakeMinecraftServer.java:79)
	at com.zipCoder.FakeMinecraftServer.lambda$main$0(FakeMinecraftServer.java:52)
	at java.base/java.lang.Thread.run(Thread.java:833)

Jun 02, 2025 9:14:20 AM com.zipCoder.FakeMinecraftServer respondLoginDisconnect
SEVERE: Error responding with disconnectAn established connection was aborted by the software in your host machine
Jun 02, 2025 9:14:56 AM com.zipCoder.FakeMinecraftServer packetLog
INFO: packetLength: 16
Jun 02, 2025 9:14:56 AM com.zipCoder.FakeMinecraftServer packetLog
INFO: packetId: 0
Jun 02, 2025 9:14:56 AM com.zipCoder.FakeMinecraftServer packetLog
INFO: nextState: 1
